  [1m[35m (102.5ms)[0m  [1m[35mCREATE DATABASE "skill_organizer_development" ENCODING = 'unicode' /*application='SkillOrganizer'*/[0m
Started GET "/" for 127.0.0.1 at 2025-09-29 12:55:34 -0400
Processing by SkillsController#index as HTML
  Rendering layout layouts/application.html.erb
  Rendering skills/index.html.erb within layouts/application
  Rendered skills/index.html.erb within layouts/application (Duration: 4.8ms | GC: 0.1ms)
  Rendered layout layouts/application.html.erb (Duration: 10.6ms | GC: 0.2ms)
Completed 200 OK in 115ms (Views: 14.0ms | GC: 13.4ms)


Started GET "/" for 127.0.0.1 at 2025-09-29 13:02:21 -0400
Processing by SkillsController#index as HTML
  Rendering layout layouts/application.html.erb
  Rendering skills/index.html.erb within layouts/application
  Rendered skills/index.html.erb within layouts/application (Duration: 5.2ms | GC: 0.0ms)
  Rendered layout layouts/application.html.erb (Duration: 14.5ms | GC: 0.1ms)
Completed 200 OK in 165ms (Views: 16.1ms | GC: 20.7ms)


Started GET "/skills?search=&category_id=programming&skill_level=&commit=Apply+Filters" for 127.0.0.1 at 2025-09-29 13:02:30 -0400
Processing by SkillsController#index as HTML
  Parameters: {"search"=>"", "category_id"=>"programming", "skill_level"=>"", "commit"=>"Apply Filters"}
  Rendering layout layouts/application.html.erb
  Rendering skills/index.html.erb within layouts/application
  Rendered skills/index.html.erb within layouts/application (Duration: 1.6ms | GC: 0.0ms)
  Rendered layout layouts/application.html.erb (Duration: 2.2ms | GC: 0.0ms)
Completed 200 OK in 24ms (Views: 2.4ms | GC: 0.0ms)


Started GET "/skills?search=&category_id=data-analytics&skill_level=&commit=Apply+Filters" for 127.0.0.1 at 2025-09-29 13:02:32 -0400
Processing by SkillsController#index as HTML
  Parameters: {"search"=>"", "category_id"=>"data-analytics", "skill_level"=>"", "commit"=>"Apply Filters"}
  Rendering layout layouts/application.html.erb
  Rendering skills/index.html.erb within layouts/application
  Rendered skills/index.html.erb within layouts/application (Duration: 4.5ms | GC: 0.8ms)
  Rendered layout layouts/application.html.erb (Duration: 5.0ms | GC: 0.8ms)
Completed 200 OK in 30ms (Views: 5.2ms | GC: 4.2ms)


Started GET "/skills?search=&category_id=data-analytics&skill_level=&commit=Apply+Filters" for 127.0.0.1 at 2025-09-29 13:02:33 -0400
Processing by SkillsController#index as HTML
  Parameters: {"search"=>"", "category_id"=>"data-analytics", "skill_level"=>"", "commit"=>"Apply Filters"}
  Rendering layout layouts/application.html.erb
  Rendering skills/index.html.erb within layouts/application
  Rendered skills/index.html.erb within layouts/application (Duration: 4.4ms | GC: 0.6ms)
  Rendered layout layouts/application.html.erb (Duration: 5.0ms | GC: 0.6ms)
Completed 200 OK in 27ms (Views: 5.2ms | GC: 0.9ms)


Started GET "/skills?search=&category_id=data-analytics&skill_level=beginner&commit=Apply+Filters" for 127.0.0.1 at 2025-09-29 13:02:35 -0400
Processing by SkillsController#index as HTML
  Parameters: {"search"=>"", "category_id"=>"data-analytics", "skill_level"=>"beginner", "commit"=>"Apply Filters"}
  Rendering layout layouts/application.html.erb
  Rendering skills/index.html.erb within layouts/application
  Rendered skills/index.html.erb within layouts/application (Duration: 0.7ms | GC: 0.0ms)
  Rendered layout layouts/application.html.erb (Duration: 1.3ms | GC: 0.0ms)
Completed 200 OK in 23ms (Views: 1.5ms | GC: 0.2ms)


Started GET "/skills?search=&category_id=data-analytics&skill_level=intermediate&commit=Apply+Filters" for 127.0.0.1 at 2025-09-29 13:02:37 -0400
Processing by SkillsController#index as HTML
  Parameters: {"search"=>"", "category_id"=>"data-analytics", "skill_level"=>"intermediate", "commit"=>"Apply Filters"}
  Rendering layout layouts/application.html.erb
  Rendering skills/index.html.erb within layouts/application
  Rendered skills/index.html.erb within layouts/application (Duration: 3.8ms | GC: 0.0ms)
  Rendered layout layouts/application.html.erb (Duration: 4.3ms | GC: 0.0ms)
Completed 200 OK in 25ms (Views: 4.5ms | GC: 0.0ms)


Started GET "/skills?search=&category_id=data-analytics&skill_level=beginner&commit=Apply+Filters" for 127.0.0.1 at 2025-09-29 13:02:39 -0400
Processing by SkillsController#index as HTML
  Parameters: {"search"=>"", "category_id"=>"data-analytics", "skill_level"=>"beginner", "commit"=>"Apply Filters"}
  Rendering layout layouts/application.html.erb
  Rendering skills/index.html.erb within layouts/application
  Rendered skills/index.html.erb within layouts/application (Duration: 0.6ms | GC: 0.0ms)
  Rendered layout layouts/application.html.erb (Duration: 1.2ms | GC: 0.0ms)
Completed 200 OK in 20ms (Views: 1.4ms | GC: 0.0ms)


Started GET "/" for 127.0.0.1 at 2025-09-29 13:03:39 -0400
Processing by SkillsController#index as HTML
  Rendering layout layouts/application.html.erb
  Rendering skills/index.html.erb within layouts/application
  Rendered skills/index.html.erb within layouts/application (Duration: 5.5ms | GC: 0.1ms)
  Rendered layout layouts/application.html.erb (Duration: 12.5ms | GC: 0.1ms)
Completed 200 OK in 102ms (Views: 13.8ms | GC: 14.8ms)


Started GET "/skills?search=&category_id=programming&skill_level=&commit=Apply+Filters" for 127.0.0.1 at 2025-09-29 13:03:42 -0400
Processing by SkillsController#index as HTML
  Parameters: {"search"=>"", "category_id"=>"programming", "skill_level"=>"", "commit"=>"Apply Filters"}
  Rendering layout layouts/application.html.erb
  Rendering skills/index.html.erb within layouts/application
  Rendered skills/index.html.erb within layouts/application (Duration: 1.6ms | GC: 0.0ms)
  Rendered layout layouts/application.html.erb (Duration: 2.3ms | GC: 0.0ms)
Completed 200 OK in 24ms (Views: 2.5ms | GC: 0.0ms)


Started GET "/skills?search=&category_id=programming&skill_level=beginner&commit=Apply+Filters" for 127.0.0.1 at 2025-09-29 13:03:46 -0400
Processing by SkillsController#index as HTML
  Parameters: {"search"=>"", "category_id"=>"programming", "skill_level"=>"beginner", "commit"=>"Apply Filters"}
  Rendering layout layouts/application.html.erb
  Rendering skills/index.html.erb within layouts/application
  Rendered skills/index.html.erb within layouts/application (Duration: 0.5ms | GC: 0.0ms)
  Rendered layout layouts/application.html.erb (Duration: 1.3ms | GC: 0.2ms)
Completed 200 OK in 24ms (Views: 1.4ms | GC: 2.2ms)


Started GET "/skills?search=&category_id=programming&skill_level=intermediate&commit=Apply+Filters" for 127.0.0.1 at 2025-09-29 13:03:49 -0400
Processing by SkillsController#index as HTML
  Parameters: {"search"=>"", "category_id"=>"programming", "skill_level"=>"intermediate", "commit"=>"Apply Filters"}
  Rendering layout layouts/application.html.erb
  Rendering skills/index.html.erb within layouts/application
  Rendered skills/index.html.erb within layouts/application (Duration: 1.7ms | GC: 0.2ms)
  Rendered layout layouts/application.html.erb (Duration: 2.3ms | GC: 0.2ms)
Completed 200 OK in 24ms (Views: 2.4ms | GC: 0.4ms)


Started GET "/skills/new" for 127.0.0.1 at 2025-09-29 13:03:50 -0400
Processing by SkillsController#new as HTML
  Rendering layout layouts/application.html.erb
  Rendering skills/new.html.erb within layouts/application
  Rendered skills/new.html.erb within layouts/application (Duration: 3.7ms | GC: 0.1ms)
  Rendered layout layouts/application.html.erb (Duration: 3.8ms | GC: 0.1ms)
Completed 500 Internal Server Error in 25ms (GC: 0.5ms)


  
ActionView::Template::Error (Nil location provided. Can't build URI.)
Caused by: ArgumentError (Nil location provided. Can't build URI.)

Information for: ActionView::Template::Error (Nil location provided. Can't build URI.):
    4:     <%= link_to "← Back to Skills", skills_path, class: "btn btn-secondary" %>
    5:   </div>
    6: 
    7:   <%= form_with model: @skill, class: "skill-form" do |form| %>
    8:     <% if @skill.errors.any? %>
    9:       <div class="error-messages">
   10:         <h3><%= pluralize(@skill.errors.count, "error") %> prohibited this skill from being saved:</h3>
  
app/views/skills/new.html.erb:7

Information for cause: ArgumentError (Nil location provided. Can't build URI.):
  
app/views/skills/new.html.erb:7
Started GET "/skills?search=&category_id=programming&skill_level=intermediate&commit=Apply+Filters" for 127.0.0.1 at 2025-09-29 13:03:52 -0400
Processing by SkillsController#index as HTML
  Parameters: {"search"=>"", "category_id"=>"programming", "skill_level"=>"intermediate", "commit"=>"Apply Filters"}
  Rendering layout layouts/application.html.erb
  Rendering skills/index.html.erb within layouts/application
  Rendered skills/index.html.erb within layouts/application (Duration: 1.5ms | GC: 0.1ms)
  Rendered layout layouts/application.html.erb (Duration: 2.2ms | GC: 0.3ms)
Completed 200 OK in 21ms (Views: 2.4ms | GC: 0.5ms)


Started GET "/skills/new" for 127.0.0.1 at 2025-09-29 13:03:54 -0400
Processing by SkillsController#new as HTML
  Rendering layout layouts/application.html.erb
  Rendering skills/new.html.erb within layouts/application
  Rendered skills/new.html.erb within layouts/application (Duration: 0.6ms | GC: 0.2ms)
  Rendered layout layouts/application.html.erb (Duration: 0.7ms | GC: 0.2ms)
Completed 500 Internal Server Error in 20ms (GC: 0.2ms)


  
ActionView::Template::Error (Nil location provided. Can't build URI.)
Caused by: ArgumentError (Nil location provided. Can't build URI.)

Information for: ActionView::Template::Error (Nil location provided. Can't build URI.):
    4:     <%= link_to "← Back to Skills", skills_path, class: "btn btn-secondary" %>
    5:   </div>
    6: 
    7:   <%= form_with model: @skill, class: "skill-form" do |form| %>
    8:     <% if @skill.errors.any? %>
    9:       <div class="error-messages">
   10:         <h3><%= pluralize(@skill.errors.count, "error") %> prohibited this skill from being saved:</h3>
  
app/views/skills/new.html.erb:7

Information for cause: ArgumentError (Nil location provided. Can't build URI.):
  
app/views/skills/new.html.erb:7
Started GET "/skills/new" for 127.0.0.1 at 2025-09-29 13:03:54 -0400
Processing by SkillsController#new as HTML
  Rendering layout layouts/application.html.erb
  Rendering skills/new.html.erb within layouts/application
  Rendered skills/new.html.erb within layouts/application (Duration: 0.2ms | GC: 0.0ms)
  Rendered layout layouts/application.html.erb (Duration: 0.3ms | GC: 0.0ms)
Completed 500 Internal Server Error in 12ms (GC: 0.1ms)


  
ActionView::Template::Error (Nil location provided. Can't build URI.)
Caused by: ArgumentError (Nil location provided. Can't build URI.)

Information for: ActionView::Template::Error (Nil location provided. Can't build URI.):
    4:     <%= link_to "← Back to Skills", skills_path, class: "btn btn-secondary" %>
    5:   </div>
    6: 
    7:   <%= form_with model: @skill, class: "skill-form" do |form| %>
    8:     <% if @skill.errors.any? %>
    9:       <div class="error-messages">
   10:         <h3><%= pluralize(@skill.errors.count, "error") %> prohibited this skill from being saved:</h3>
  
app/views/skills/new.html.erb:7

Information for cause: ArgumentError (Nil location provided. Can't build URI.):
  
app/views/skills/new.html.erb:7
Started GET "/skills" for 127.0.0.1 at 2025-09-29 13:03:56 -0400
Processing by SkillsController#index as HTML
  Rendering layout layouts/application.html.erb
  Rendering skills/index.html.erb within layouts/application
  Rendered skills/index.html.erb within layouts/application (Duration: 4.3ms | GC: 0.6ms)
  Rendered layout layouts/application.html.erb (Duration: 4.9ms | GC: 0.6ms)
Completed 200 OK in 27ms (Views: 5.1ms | GC: 1.6ms)


Started GET "/skills" for 127.0.0.1 at 2025-09-29 13:03:56 -0400
Processing by SkillsController#index as HTML
  Rendering layout layouts/application.html.erb
  Rendering skills/index.html.erb within layouts/application
  Rendered skills/index.html.erb within layouts/application (Duration: 4.2ms | GC: 0.3ms)
  Rendered layout layouts/application.html.erb (Duration: 4.9ms | GC: 0.5ms)
Completed 200 OK in 26ms (Views: 5.1ms | GC: 0.8ms)


Started GET "/skills?search=&category_id=programming&skill_level=advanced&commit=Apply+Filters" for 127.0.0.1 at 2025-09-29 13:03:59 -0400
Processing by SkillsController#index as HTML
  Parameters: {"search"=>"", "category_id"=>"programming", "skill_level"=>"advanced", "commit"=>"Apply Filters"}
  Rendering layout layouts/application.html.erb
  Rendering skills/index.html.erb within layouts/application
  Rendered skills/index.html.erb within layouts/application (Duration: 0.5ms | GC: 0.0ms)
  Rendered layout layouts/application.html.erb (Duration: 1.0ms | GC: 0.0ms)
Completed 200 OK in 22ms (Views: 1.2ms | GC: 0.2ms)


Started GET "/skills?search=&category_id=data-analytics&skill_level=advanced&commit=Apply+Filters" for 127.0.0.1 at 2025-09-29 13:04:02 -0400
Processing by SkillsController#index as HTML
  Parameters: {"search"=>"", "category_id"=>"data-analytics", "skill_level"=>"advanced", "commit"=>"Apply Filters"}
  Rendering layout layouts/application.html.erb
  Rendering skills/index.html.erb within layouts/application
  Rendered skills/index.html.erb within layouts/application (Duration: 0.5ms | GC: 0.0ms)
  Rendered layout layouts/application.html.erb (Duration: 1.1ms | GC: 0.0ms)
Completed 200 OK in 22ms (Views: 1.3ms | GC: 0.2ms)


Started GET "/skills?search=&category_id=data-analytics&skill_level=intermediate&commit=Apply+Filters" for 127.0.0.1 at 2025-09-29 13:04:03 -0400
Processing by SkillsController#index as HTML
  Parameters: {"search"=>"", "category_id"=>"data-analytics", "skill_level"=>"intermediate", "commit"=>"Apply Filters"}
  Rendering layout layouts/application.html.erb
  Rendering skills/index.html.erb within layouts/application
  Rendered skills/index.html.erb within layouts/application (Duration: 4.1ms | GC: 0.3ms)
  Rendered layout layouts/application.html.erb (Duration: 4.7ms | GC: 0.3ms)
Completed 200 OK in 26ms (Views: 4.9ms | GC: 0.5ms)


Started GET "/skills?search=&category_id=data-analytics&skill_level=advanced&commit=Apply+Filters" for 127.0.0.1 at 2025-09-29 13:04:08 -0400
Processing by SkillsController#index as HTML
  Parameters: {"search"=>"", "category_id"=>"data-analytics", "skill_level"=>"advanced", "commit"=>"Apply Filters"}
  Rendering layout layouts/application.html.erb
  Rendering skills/index.html.erb within layouts/application
  Rendered skills/index.html.erb within layouts/application (Duration: 0.7ms | GC: 0.0ms)
  Rendered layout layouts/application.html.erb (Duration: 1.4ms | GC: 0.0ms)
Completed 200 OK in 23ms (Views: 1.6ms | GC: 0.0ms)


Started GET "/skills?search=&category_id=devops&skill_level=intermediate&commit=Apply+Filters" for 127.0.0.1 at 2025-09-29 13:04:12 -0400
Processing by SkillsController#index as HTML
  Parameters: {"search"=>"", "category_id"=>"devops", "skill_level"=>"intermediate", "commit"=>"Apply Filters"}
  Rendering layout layouts/application.html.erb
  Rendering skills/index.html.erb within layouts/application
  Rendered skills/index.html.erb within layouts/application (Duration: 4.1ms | GC: 2.7ms)
  Rendered layout layouts/application.html.erb (Duration: 4.9ms | GC: 2.7ms)
Completed 200 OK in 26ms (Views: 5.0ms | GC: 2.7ms)


Started GET "/skills?search=&category_id=devops&skill_level=advanced&commit=Apply+Filters" for 127.0.0.1 at 2025-09-29 13:04:14 -0400
Processing by SkillsController#index as HTML
  Parameters: {"search"=>"", "category_id"=>"devops", "skill_level"=>"advanced", "commit"=>"Apply Filters"}
  Rendering layout layouts/application.html.erb
  Rendering skills/index.html.erb within layouts/application
  Rendered skills/index.html.erb within layouts/application (Duration: 0.6ms | GC: 0.0ms)
  Rendered layout layouts/application.html.erb (Duration: 1.4ms | GC: 0.2ms)
Completed 200 OK in 23ms (Views: 1.6ms | GC: 0.8ms)


Started GET "/skills?search=&category_id=communication&skill_level=advanced&commit=Apply+Filters" for 127.0.0.1 at 2025-09-29 13:04:17 -0400
Processing by SkillsController#index as HTML
  Parameters: {"search"=>"", "category_id"=>"communication", "skill_level"=>"advanced", "commit"=>"Apply Filters"}
  Rendering layout layouts/application.html.erb
  Rendering skills/index.html.erb within layouts/application
  Rendered skills/index.html.erb within layouts/application (Duration: 0.6ms | GC: 0.2ms)
  Rendered layout layouts/application.html.erb (Duration: 1.1ms | GC: 0.2ms)
Completed 200 OK in 18ms (Views: 1.3ms | GC: 0.2ms)


Started GET "/skills?search=&category_id=communication&skill_level=intermediate&commit=Apply+Filters" for 127.0.0.1 at 2025-09-29 13:04:19 -0400
Processing by SkillsController#index as HTML
  Parameters: {"search"=>"", "category_id"=>"communication", "skill_level"=>"intermediate", "commit"=>"Apply Filters"}
  Rendering layout layouts/application.html.erb
  Rendering skills/index.html.erb within layouts/application
  Rendered skills/index.html.erb within layouts/application (Duration: 3.0ms | GC: 0.4ms)
  Rendered layout layouts/application.html.erb (Duration: 3.6ms | GC: 0.4ms)
Completed 200 OK in 25ms (Views: 3.7ms | GC: 0.5ms)


Started GET "/skills?search=&category_id=&skill_level=intermediate&commit=Apply+Filters" for 127.0.0.1 at 2025-09-29 13:04:24 -0400
Processing by SkillsController#index as HTML
  Parameters: {"search"=>"", "category_id"=>"", "skill_level"=>"intermediate", "commit"=>"Apply Filters"}
  Rendering layout layouts/application.html.erb
  Rendering skills/index.html.erb within layouts/application
  Rendered skills/index.html.erb within layouts/application (Duration: 4.3ms | GC: 0.6ms)
  Rendered layout layouts/application.html.erb (Duration: 5.0ms | GC: 0.8ms)
Completed 200 OK in 26ms (Views: 5.2ms | GC: 1.1ms)


Started GET "/skills?search=&category_id=&skill_level=beginner&commit=Apply+Filters" for 127.0.0.1 at 2025-09-29 13:04:27 -0400
Processing by SkillsController#index as HTML
  Parameters: {"search"=>"", "category_id"=>"", "skill_level"=>"beginner", "commit"=>"Apply Filters"}
  Rendering layout layouts/application.html.erb
  Rendering skills/index.html.erb within layouts/application
  Rendered skills/index.html.erb within layouts/application (Duration: 0.9ms | GC: 0.2ms)
  Rendered layout layouts/application.html.erb (Duration: 1.5ms | GC: 0.2ms)
Completed 200 OK in 23ms (Views: 1.7ms | GC: 0.2ms)


Started GET "/skills?search=AI&category_id=&skill_level=beginner&commit=Apply+Filters" for 127.0.0.1 at 2025-09-29 13:04:31 -0400
Processing by SkillsController#index as HTML
  Parameters: {"search"=>"AI", "category_id"=>"", "skill_level"=>"beginner", "commit"=>"Apply Filters"}
  Rendering layout layouts/application.html.erb
  Rendering skills/index.html.erb within layouts/application
  Rendered skills/index.html.erb within layouts/application (Duration: 0.7ms | GC: 0.0ms)
  Rendered layout layouts/application.html.erb (Duration: 1.3ms | GC: 0.0ms)
Completed 200 OK in 22ms (Views: 1.5ms | GC: 0.2ms)


Started GET "/skills?search=AI&category_id=&skill_level=&commit=Apply+Filters" for 127.0.0.1 at 2025-09-29 13:04:35 -0400
Processing by SkillsController#index as HTML
  Parameters: {"search"=>"AI", "category_id"=>"", "skill_level"=>"", "commit"=>"Apply Filters"}
  Rendering layout layouts/application.html.erb
  Rendering skills/index.html.erb within layouts/application
  Rendered skills/index.html.erb within layouts/application (Duration: 2.5ms | GC: 0.3ms)
  Rendered layout layouts/application.html.erb (Duration: 3.1ms | GC: 0.3ms)
Completed 200 OK in 25ms (Views: 3.2ms | GC: 1.4ms)


Started GET "/skills?search=&category_id=&skill_level=&commit=Apply+Filters" for 127.0.0.1 at 2025-09-29 13:04:45 -0400
Processing by SkillsController#index as HTML
  Parameters: {"search"=>"", "category_id"=>"", "skill_level"=>"", "commit"=>"Apply Filters"}
  Rendering layout layouts/application.html.erb
  Rendering skills/index.html.erb within layouts/application
  Rendered skills/index.html.erb within layouts/application (Duration: 4.1ms | GC: 0.4ms)
  Rendered layout layouts/application.html.erb (Duration: 4.7ms | GC: 0.5ms)
Completed 200 OK in 25ms (Views: 4.9ms | GC: 0.6ms)


Started GET "/skills?search=&category_id=engineering&skill_level=intermediate&commit=Apply+Filters" for 127.0.0.1 at 2025-09-29 13:06:18 -0400
Processing by SkillsController#index as HTML
  Parameters: {"search"=>"", "category_id"=>"engineering", "skill_level"=>"intermediate", "commit"=>"Apply Filters"}
  Rendering layout layouts/application.html.erb
  Rendering skills/index.html.erb within layouts/application
  Rendered skills/index.html.erb within layouts/application (Duration: 4.5ms | GC: 0.3ms)
  Rendered layout layouts/application.html.erb (Duration: 5.8ms | GC: 0.5ms)
Completed 200 OK in 29ms (Views: 6.1ms | GC: 1.2ms)


Started GET "/skills/new" for 127.0.0.1 at 2025-09-29 13:07:31 -0400
Processing by SkillsController#new as HTML
  Rendering layout layouts/application.html.erb
  Rendering skills/new.html.erb within layouts/application
  Rendered skills/new.html.erb within layouts/application (Duration: 0.7ms | GC: 0.0ms)
  Rendered layout layouts/application.html.erb (Duration: 0.9ms | GC: 0.0ms)
Completed 500 Internal Server Error in 21ms (GC: 0.6ms)


  
ActionView::Template::Error (Nil location provided. Can't build URI.)
Caused by: ArgumentError (Nil location provided. Can't build URI.)

Information for: ActionView::Template::Error (Nil location provided. Can't build URI.):
    4:     <%= link_to "← Back to Skills", skills_path, class: "btn btn-secondary" %>
    5:   </div>
    6: 
    7:   <%= form_with model: @skill, class: "skill-form" do |form| %>
    8:     <% if @skill.errors.any? %>
    9:       <div class="error-messages">
   10:         <h3><%= pluralize(@skill.errors.count, "error") %> prohibited this skill from being saved:</h3>
  
app/views/skills/new.html.erb:7

Information for cause: ArgumentError (Nil location provided. Can't build URI.):
  
app/views/skills/new.html.erb:7
Started GET "/skills/new" for 127.0.0.1 at 2025-09-29 13:07:49 -0400
Processing by SkillsController#new as HTML
  Rendering layout layouts/application.html.erb
  Rendering skills/new.html.erb within layouts/application
  Rendered skills/new.html.erb within layouts/application (Duration: 0.3ms | GC: 0.0ms)
  Rendered layout layouts/application.html.erb (Duration: 0.4ms | GC: 0.0ms)
Completed 500 Internal Server Error in 18ms (GC: 0.0ms)


  
ActionView::Template::Error (Nil location provided. Can't build URI.)
Caused by: ArgumentError (Nil location provided. Can't build URI.)

Information for: ActionView::Template::Error (Nil location provided. Can't build URI.):
    4:     <%= link_to "← Back to Skills", skills_path, class: "btn btn-secondary" %>
    5:   </div>
    6: 
    7:   <%= form_with model: @skill, class: "skill-form" do |form| %>
    8:     <% if @skill.errors.any? %>
    9:       <div class="error-messages">
   10:         <h3><%= pluralize(@skill.errors.count, "error") %> prohibited this skill from being saved:</h3>
  
app/views/skills/new.html.erb:7

Information for cause: ArgumentError (Nil location provided. Can't build URI.):
  
app/views/skills/new.html.erb:7
Started GET "/skills" for 127.0.0.1 at 2025-09-29 13:07:49 -0400
Processing by SkillsController#index as HTML
  Rendering layout layouts/application.html.erb
  Rendering skills/index.html.erb within layouts/application
  Rendered skills/index.html.erb within layouts/application (Duration: 3.8ms | GC: 0.4ms)
  Rendered layout layouts/application.html.erb (Duration: 4.3ms | GC: 0.4ms)
Completed 200 OK in 22ms (Views: 4.5ms | GC: 0.5ms)


Started GET "/" for 127.0.0.1 at 2025-09-29 13:09:51 -0400
Processing by SkillsController#index as HTML
  Rendering layout layouts/application.html.erb
  Rendering skills/index.html.erb within layouts/application
  Rendered skills/index.html.erb within layouts/application (Duration: 6.0ms | GC: 0.0ms)
  Rendered layout layouts/application.html.erb (Duration: 12.9ms | GC: 0.1ms)
Completed 200 OK in 102ms (Views: 14.5ms | GC: 14.0ms)


Started GET "/skills/new" for 127.0.0.1 at 2025-09-29 13:09:54 -0400
Processing by SkillsController#new as HTML
  Rendering layout layouts/application.html.erb
  Rendering skills/new.html.erb within layouts/application
  Rendered skills/new.html.erb within layouts/application (Duration: 1.5ms | GC: 0.0ms)
  Rendered layout layouts/application.html.erb (Duration: 1.6ms | GC: 0.0ms)
Completed 500 Internal Server Error in 22ms (GC: 0.0ms)


  
ActionView::Template::Error (Nil location provided. Can't build URI.)
Caused by: ArgumentError (Nil location provided. Can't build URI.)

Information for: ActionView::Template::Error (Nil location provided. Can't build URI.):
    4:     <%= link_to "← Back to Skills", skills_path, class: "btn btn-secondary" %>
    5:   </div>
    6: 
    7:   <%= form_with model: @skill, class: "skill-form" do |form| %>
    8:     <% if @skill.errors.any? %>
    9:       <div class="error-messages">
   10:         <h3><%= pluralize(@skill.errors.count, "error") %> prohibited this skill from being saved:</h3>
  
app/views/skills/new.html.erb:7

Information for cause: ArgumentError (Nil location provided. Can't build URI.):
  
app/views/skills/new.html.erb:7
Started GET "/skills?search=&category_id=programming&skill_level=&commit=Apply+Filters" for 127.0.0.1 at 2025-09-29 13:09:57 -0400
Processing by SkillsController#index as HTML
  Parameters: {"search"=>"", "category_id"=>"programming", "skill_level"=>"", "commit"=>"Apply Filters"}
  Rendering layout layouts/application.html.erb
  Rendering skills/index.html.erb within layouts/application
  Rendered skills/index.html.erb within layouts/application (Duration: 1.7ms | GC: 0.2ms)
  Rendered layout layouts/application.html.erb (Duration: 2.3ms | GC: 0.2ms)
Completed 200 OK in 24ms (Views: 2.5ms | GC: 0.3ms)


Started GET "/skills?search=&category_id=programming&skill_level=intermediate&commit=Apply+Filters" for 127.0.0.1 at 2025-09-29 13:09:59 -0400
Processing by SkillsController#index as HTML
  Parameters: {"search"=>"", "category_id"=>"programming", "skill_level"=>"intermediate", "commit"=>"Apply Filters"}
  Rendering layout layouts/application.html.erb
  Rendering skills/index.html.erb within layouts/application
  Rendered skills/index.html.erb within layouts/application (Duration: 1.6ms | GC: 0.2ms)
  Rendered layout layouts/application.html.erb (Duration: 2.1ms | GC: 0.2ms)
Completed 200 OK in 23ms (Views: 2.3ms | GC: 0.4ms)


Started GET "/skills/new" for 127.0.0.1 at 2025-09-29 13:10:00 -0400
Processing by SkillsController#new as HTML
  Rendering layout layouts/application.html.erb
  Rendering skills/new.html.erb within layouts/application
  Rendered skills/new.html.erb within layouts/application (Duration: 0.3ms | GC: 0.0ms)
  Rendered layout layouts/application.html.erb (Duration: 0.6ms | GC: 0.2ms)
Completed 500 Internal Server Error in 19ms (GC: 0.2ms)


  
ActionView::Template::Error (Nil location provided. Can't build URI.)
Caused by: ArgumentError (Nil location provided. Can't build URI.)

Information for: ActionView::Template::Error (Nil location provided. Can't build URI.):
    4:     <%= link_to "← Back to Skills", skills_path, class: "btn btn-secondary" %>
    5:   </div>
    6: 
    7:   <%= form_with model: @skill, class: "skill-form" do |form| %>
    8:     <% if @skill.errors.any? %>
    9:       <div class="error-messages">
   10:         <h3><%= pluralize(@skill.errors.count, "error") %> prohibited this skill from being saved:</h3>
  
app/views/skills/new.html.erb:7

Information for cause: ArgumentError (Nil location provided. Can't build URI.):
  
app/views/skills/new.html.erb:7
Started GET "/skills?search=&category_id=programming&skill_level=intermediate&commit=Apply+Filters" for 127.0.0.1 at 2025-09-29 13:10:02 -0400
Processing by SkillsController#index as HTML
  Parameters: {"search"=>"", "category_id"=>"programming", "skill_level"=>"intermediate", "commit"=>"Apply Filters"}
  Rendering layout layouts/application.html.erb
  Rendering skills/index.html.erb within layouts/application
  Rendered skills/index.html.erb within layouts/application (Duration: 1.9ms | GC: 0.4ms)
  Rendered layout layouts/application.html.erb (Duration: 2.4ms | GC: 0.4ms)
Completed 200 OK in 19ms (Views: 2.6ms | GC: 0.7ms)


Started GET "/skills/new" for 127.0.0.1 at 2025-09-29 13:10:08 -0400
Processing by SkillsController#new as HTML
  Rendering layout layouts/application.html.erb
  Rendering skills/new.html.erb within layouts/application
  Rendered skills/new.html.erb within layouts/application (Duration: 0.3ms | GC: 0.0ms)
  Rendered layout layouts/application.html.erb (Duration: 0.4ms | GC: 0.0ms)
Completed 500 Internal Server Error in 20ms (GC: 0.2ms)


  
ActionView::Template::Error (Nil location provided. Can't build URI.)
Caused by: ArgumentError (Nil location provided. Can't build URI.)

Information for: ActionView::Template::Error (Nil location provided. Can't build URI.):
    4:     <%= link_to "← Back to Skills", skills_path, class: "btn btn-secondary" %>
    5:   </div>
    6: 
    7:   <%= form_with model: @skill, class: "skill-form" do |form| %>
    8:     <% if @skill.errors.any? %>
    9:       <div class="error-messages">
   10:         <h3><%= pluralize(@skill.errors.count, "error") %> prohibited this skill from being saved:</h3>
  
app/views/skills/new.html.erb:7

Information for cause: ArgumentError (Nil location provided. Can't build URI.):
  
app/views/skills/new.html.erb:7
Started GET "/" for 127.0.0.1 at 2025-09-29 13:12:49 -0400
Processing by SkillsController#index as HTML
  Rendering layout layouts/application.html.erb
  Rendering skills/index.html.erb within layouts/application
  Rendered skills/index.html.erb within layouts/application (Duration: 5.7ms | GC: 0.1ms)
  Rendered layout layouts/application.html.erb (Duration: 12.1ms | GC: 0.1ms)
Completed 200 OK in 105ms (Views: 13.6ms | GC: 15.8ms)


Started GET "/skills/new" for 127.0.0.1 at 2025-09-29 13:12:53 -0400
Processing by SkillsController#new as HTML
  Rendering layout layouts/application.html.erb
  Rendering skills/new.html.erb within layouts/application
  Rendered skills/new.html.erb within layouts/application (Duration: 4.0ms | GC: 0.0ms)
  Rendered layout layouts/application.html.erb (Duration: 4.4ms | GC: 0.0ms)
Completed 200 OK in 24ms (Views: 4.7ms | GC: 0.0ms)


Started GET "/skills?search=&category_id=devops&skill_level=intermediate&commit=Apply+Filters" for 127.0.0.1 at 2025-09-29 13:12:56 -0400
Processing by SkillsController#index as HTML
  Parameters: {"search"=>"", "category_id"=>"devops", "skill_level"=>"intermediate", "commit"=>"Apply Filters"}
  Rendering layout layouts/application.html.erb
  Rendering skills/index.html.erb within layouts/application
  Rendered skills/index.html.erb within layouts/application (Duration: 3.2ms | GC: 1.9ms)
  Rendered layout layouts/application.html.erb (Duration: 4.0ms | GC: 2.1ms)
Completed 200 OK in 25ms (Views: 4.1ms | GC: 2.1ms)


Started GET "/skills?search=&category_id=devops&skill_level=beginner&commit=Apply+Filters" for 127.0.0.1 at 2025-09-29 13:13:01 -0400
Processing by SkillsController#index as HTML
  Parameters: {"search"=>"", "category_id"=>"devops", "skill_level"=>"beginner", "commit"=>"Apply Filters"}
  Rendering layout layouts/application.html.erb
  Rendering skills/index.html.erb within layouts/application
  Rendered skills/index.html.erb within layouts/application (Duration: 0.5ms | GC: 0.0ms)
  Rendered layout layouts/application.html.erb (Duration: 1.2ms | GC: 0.1ms)
Completed 200 OK in 23ms (Views: 1.4ms | GC: 0.4ms)


Started GET "/skills?search=&category_id=devops&skill_level=intermediate&commit=Apply+Filters" for 127.0.0.1 at 2025-09-29 13:13:03 -0400
Processing by SkillsController#index as HTML
  Parameters: {"search"=>"", "category_id"=>"devops", "skill_level"=>"intermediate", "commit"=>"Apply Filters"}
  Rendering layout layouts/application.html.erb
  Rendering skills/index.html.erb within layouts/application
  Rendered skills/index.html.erb within layouts/application (Duration: 1.4ms | GC: 0.1ms)
  Rendered layout layouts/application.html.erb (Duration: 2.0ms | GC: 0.1ms)
Completed 200 OK in 24ms (Views: 2.2ms | GC: 0.4ms)


Started GET "/skills/new" for 127.0.0.1 at 2025-09-29 13:13:08 -0400
Processing by SkillsController#new as HTML
  Rendering layout layouts/application.html.erb
  Rendering skills/new.html.erb within layouts/application
  Rendered skills/new.html.erb within layouts/application (Duration: 1.4ms | GC: 0.2ms)
  Rendered layout layouts/application.html.erb (Duration: 2.0ms | GC: 0.5ms)
Completed 200 OK in 22ms (Views: 2.2ms | GC: 0.5ms)


Started GET "/skills?search=&category_id=devops&skill_level=&commit=Apply+Filters" for 127.0.0.1 at 2025-09-29 13:13:13 -0400
Processing by SkillsController#index as HTML
  Parameters: {"search"=>"", "category_id"=>"devops", "skill_level"=>"", "commit"=>"Apply Filters"}
  Rendering layout layouts/application.html.erb
  Rendering skills/index.html.erb within layouts/application
  Rendered skills/index.html.erb within layouts/application (Duration: 1.2ms | GC: 0.0ms)
  Rendered layout layouts/application.html.erb (Duration: 1.8ms | GC: 0.0ms)
Completed 200 OK in 23ms (Views: 2.0ms | GC: 0.1ms)


Started GET "/skills?search=&category_id=devops&skill_level=&commit=Apply+Filters" for 127.0.0.1 at 2025-09-29 13:13:15 -0400
Processing by SkillsController#index as HTML
  Parameters: {"search"=>"", "category_id"=>"devops", "skill_level"=>"", "commit"=>"Apply Filters"}
  Rendering layout layouts/application.html.erb
  Rendering skills/index.html.erb within layouts/application
  Rendered skills/index.html.erb within layouts/application (Duration: 1.3ms | GC: 0.0ms)
  Rendered layout layouts/application.html.erb (Duration: 1.8ms | GC: 0.0ms)
Completed 200 OK in 23ms (Views: 2.0ms | GC: 0.0ms)


Started GET "/skills/new" for 127.0.0.1 at 2025-09-29 13:13:15 -0400
Processing by SkillsController#new as HTML
  Rendering layout layouts/application.html.erb
  Rendering skills/new.html.erb within layouts/application
  Rendered skills/new.html.erb within layouts/application (Duration: 1.5ms | GC: 0.0ms)
  Rendered layout layouts/application.html.erb (Duration: 1.8ms | GC: 0.0ms)
Completed 200 OK in 22ms (Views: 2.0ms | GC: 0.0ms)


Started GET "/skills" for 127.0.0.1 at 2025-09-29 13:13:19 -0400
Processing by SkillsController#index as HTML
  Rendering layout layouts/application.html.erb
  Rendering skills/index.html.erb within layouts/application
  Rendered skills/index.html.erb within layouts/application (Duration: 3.8ms | GC: 0.0ms)
  Rendered layout layouts/application.html.erb (Duration: 4.3ms | GC: 0.0ms)
Completed 200 OK in 23ms (Views: 4.4ms | GC: 0.0ms)


Started GET "/skills" for 127.0.0.1 at 2025-09-29 13:13:26 -0400
Processing by SkillsController#index as HTML
  Rendering layout layouts/application.html.erb
  Rendering skills/index.html.erb within layouts/application
  Rendered skills/index.html.erb within layouts/application (Duration: 4.4ms | GC: 0.7ms)
  Rendered layout layouts/application.html.erb (Duration: 4.9ms | GC: 0.7ms)
Completed 200 OK in 26ms (Views: 5.1ms | GC: 1.5ms)


Started GET "/skills/569" for 127.0.0.1 at 2025-09-29 13:17:59 -0400
Processing by SkillsController#show as HTML
  Parameters: {"id"=>"569"}
  Rendering layout layouts/application.html.erb
  Rendering skills/show.html.erb within layouts/application
  Rendered skills/show.html.erb within layouts/application (Duration: 0.6ms | GC: 0.0ms)
  Rendered layout layouts/application.html.erb (Duration: 4.6ms | GC: 0.0ms)
Completed 200 OK in 84ms (Views: 5.3ms | GC: 13.9ms)


Started GET "/skills/569" for 127.0.0.1 at 2025-09-29 13:17:59 -0400
Processing by SkillsController#show as HTML
  Parameters: {"id"=>"569"}
  Rendering layout layouts/application.html.erb
  Rendering skills/show.html.erb within layouts/application
  Rendered skills/show.html.erb within layouts/application (Duration: 0.2ms | GC: 0.0ms)
  Rendered layout layouts/application.html.erb (Duration: 0.7ms | GC: 0.0ms)
Completed 200 OK in 14ms (Views: 0.9ms | GC: 0.0ms)


Started GET "/skills/569/edit" for 127.0.0.1 at 2025-09-29 13:18:07 -0400
Processing by SkillsController#edit as HTML
  Parameters: {"id"=>"569"}
  Rendering layout layouts/application.html.erb
  Rendering skills/edit.html.erb within layouts/application
  Rendered skills/edit.html.erb within layouts/application (Duration: 0.2ms | GC: 0.0ms)
  Rendered layout layouts/application.html.erb (Duration: 2.0ms | GC: 0.1ms)
Completed 200 OK in 21ms (Views: 2.2ms | GC: 0.1ms)


Started GET "/skills/569/edit" for 127.0.0.1 at 2025-09-29 13:18:07 -0400
Processing by SkillsController#edit as HTML
  Parameters: {"id"=>"569"}
  Rendering layout layouts/application.html.erb
  Rendering skills/edit.html.erb within layouts/application
  Rendered skills/edit.html.erb within layouts/application (Duration: 0.0ms | GC: 0.0ms)
  Rendered layout layouts/application.html.erb (Duration: 0.4ms | GC: 0.0ms)
Completed 200 OK in 21ms (Views: 0.6ms | GC: 0.0ms)


Started GET "/src/styles/admin.css" for ::1 at 2025-09-29 13:20:14 -0400
  
ActionController::RoutingError (No route matches [GET] "/src/styles/admin.css"):
  
Started GET "/src/utils/auth.js" for ::1 at 2025-09-29 13:20:14 -0400
Started GET "/src/utils/api.js" for ::1 at 2025-09-29 13:20:14 -0400
  
ActionController::RoutingError (No route matches [GET] "/src/utils/auth.js"):
  
  
ActionController::RoutingError (No route matches [GET] "/src/utils/api.js"):
  
Started GET "/src/utils/socket.js" for ::1 at 2025-09-29 13:20:15 -0400
  
ActionController::RoutingError (No route matches [GET] "/src/utils/socket.js"):
  
Started GET "/src/utils/router.js" for ::1 at 2025-09-29 13:20:15 -0400
Started GET "/src/utils/storage.js" for ::1 at 2025-09-29 13:20:15 -0400
  
ActionController::RoutingError (No route matches [GET] "/src/utils/storage.js"):
  
  
ActionController::RoutingError (No route matches [GET] "/src/utils/router.js"):
  
Started GET "/src/utils/notifications.js" for ::1 at 2025-09-29 13:20:15 -0400
Started GET "/src/components/shared/SkillTag.js" for ::1 at 2025-09-29 13:20:15 -0400
  
ActionController::RoutingError (No route matches [GET] "/src/utils/notifications.js"):
  
Started GET "/src/components/shared/NeumorphicButton.js" for ::1 at 2025-09-29 13:20:15 -0400
  
ActionController::RoutingError (No route matches [GET] "/src/components/shared/SkillTag.js"):
  
  
ActionController::RoutingError (No route matches [GET] "/src/components/shared/NeumorphicButton.js"):
  
Started GET "/src/components/shared/LoadingSpinner.js" for ::1 at 2025-09-29 13:20:15 -0400
Started GET "/src/components/shared/UserCard.js" for ::1 at 2025-09-29 13:20:15 -0400
Started GET "/src/components/auth/GoogleAuth.js" for ::1 at 2025-09-29 13:20:15 -0400
  
ActionController::RoutingError (No route matches [GET] "/src/components/shared/UserCard.js"):
  
  
ActionController::RoutingError (No route matches [GET] "/src/components/shared/LoadingSpinner.js"):
  
  
ActionController::RoutingError (No route matches [GET] "/src/components/auth/GoogleAuth.js"):
  
Started GET "/src/components/auth/ProfileSetup.js" for ::1 at 2025-09-29 13:20:15 -0400
Started GET "/src/components/profile/ProfileEdit.js" for ::1 at 2025-09-29 13:20:15 -0400
Started GET "/src/components/profile/ProfileView.js" for ::1 at 2025-09-29 13:20:15 -0400
  
ActionController::RoutingError (No route matches [GET] "/src/components/auth/ProfileSetup.js"):
  
  
ActionController::RoutingError (No route matches [GET] "/src/components/profile/ProfileEdit.js"):
  
  
ActionController::RoutingError (No route matches [GET] "/src/components/profile/ProfileView.js"):
  
Started GET "/src/components/discovery/FindUsers.js" for ::1 at 2025-09-29 13:20:15 -0400
Started GET "/src/components/discovery/FilterPanel.js" for ::1 at 2025-09-29 13:20:15 -0400
Started GET "/src/components/messaging/ChatWindow.js" for ::1 at 2025-09-29 13:20:15 -0400
  
ActionController::RoutingError (No route matches [GET] "/src/components/discovery/FilterPanel.js"):
  
  
ActionController::RoutingError (No route matches [GET] "/src/components/discovery/FindUsers.js"):
  
  
ActionController::RoutingError (No route matches [GET] "/src/components/messaging/ChatWindow.js"):
  
Started GET "/src/components/messaging/ChatList.js" for ::1 at 2025-09-29 13:20:16 -0400
Started GET "/src/components/navigation/BottomNav.js" for ::1 at 2025-09-29 13:20:16 -0400
Started GET "/src/components/messaging/MessageInput.js" for ::1 at 2025-09-29 13:20:16 -0400
  
ActionController::RoutingError (No route matches [GET] "/src/components/messaging/ChatList.js"):
  
  
ActionController::RoutingError (No route matches [GET] "/src/components/navigation/BottomNav.js"):
  
  
ActionController::RoutingError (No route matches [GET] "/src/components/messaging/MessageInput.js"):
  
Started GET "/src/components/admin/AdminDashboard.js" for ::1 at 2025-09-29 13:20:16 -0400
Started GET "/src/app.js" for ::1 at 2025-09-29 13:20:16 -0400
  
ActionController::RoutingError (No route matches [GET] "/src/app.js"):
  
  
ActionController::RoutingError (No route matches [GET] "/src/components/admin/AdminDashboard.js"):
  
Started GET "//ws" for ::1 at 2025-09-29 13:20:16 -0400
  
ActionController::RoutingError (No route matches [GET] "/ws"):
  
Started GET "/manifest.json" for ::1 at 2025-09-29 13:20:16 -0400
  
ActionController::RoutingError (No route matches [GET] "/manifest.json"):
  
Started GET "/sw.js" for ::1 at 2025-09-29 13:20:17 -0400
  
ActionController::RoutingError (No route matches [GET] "/sw.js"):
  
Started GET "/" for 127.0.0.1 at 2025-09-29 13:20:32 -0400
Processing by SkillsController#index as HTML
  Rendering layout layouts/application.html.erb
  Rendering skills/index.html.erb within layouts/application
  Rendered skills/index.html.erb within layouts/application (Duration: 17.3ms | GC: 0.1ms)
  Rendered layout layouts/application.html.erb (Duration: 33.6ms | GC: 0.1ms)
Completed 200 OK in 169ms (Views: 42.1ms | GC: 18.1ms)


Started GET "/skills/569" for 127.0.0.1 at 2025-09-29 13:20:43 -0400
Processing by SkillsController#show as HTML
  Parameters: {"id"=>"569"}
  Rendering layout layouts/application.html.erb
  Rendering skills/show.html.erb within layouts/application
  Rendered skills/show.html.erb within layouts/application (Duration: 0.7ms | GC: 0.0ms)
  Rendered layout layouts/application.html.erb (Duration: 1.3ms | GC: 0.0ms)
Completed 200 OK in 22ms (Views: 1.5ms | GC: 0.0ms)


Started GET "/skills/569/edit" for 127.0.0.1 at 2025-09-29 13:20:50 -0400
Processing by SkillsController#edit as HTML
  Parameters: {"id"=>"569"}
  Rendering layout layouts/application.html.erb
  Rendering skills/edit.html.erb within layouts/application
  Rendered skills/edit.html.erb within layouts/application (Duration: 0.2ms | GC: 0.0ms)
  Rendered layout layouts/application.html.erb (Duration: 0.6ms | GC: 0.0ms)
Completed 200 OK in 22ms (Views: 0.7ms | GC: 0.0ms)


Started GET "/skills/569" for 127.0.0.1 at 2025-09-29 13:21:05 -0400
Processing by SkillsController#show as HTML
  Parameters: {"id"=>"569"}
  Rendering layout layouts/application.html.erb
  Rendering skills/show.html.erb within layouts/application
  Rendered skills/show.html.erb within layouts/application (Duration: 0.2ms | GC: 0.0ms)
  Rendered layout layouts/application.html.erb (Duration: 0.8ms | GC: 0.0ms)
Completed 200 OK in 21ms (Views: 0.9ms | GC: 0.0ms)


Started GET "/skills/569" for 127.0.0.1 at 2025-09-29 13:21:40 -0400
Processing by SkillsController#show as HTML
  Parameters: {"id"=>"569"}
  Rendering layout layouts/application.html.erb
  Rendering skills/show.html.erb within layouts/application
  Rendered skills/show.html.erb within layouts/application (Duration: 0.2ms | GC: 0.0ms)
  Rendered layout layouts/application.html.erb (Duration: 0.8ms | GC: 0.0ms)
Completed 200 OK in 20ms (Views: 1.0ms | GC: 0.0ms)


Started GET "/skills/569" for 127.0.0.1 at 2025-09-29 13:21:41 -0400
Processing by SkillsController#show as HTML
  Parameters: {"id"=>"569"}
  Rendering layout layouts/application.html.erb
  Rendering skills/show.html.erb within layouts/application
  Rendered skills/show.html.erb within layouts/application (Duration: 0.2ms | GC: 0.0ms)
  Rendered layout layouts/application.html.erb (Duration: 0.8ms | GC: 0.0ms)
Completed 200 OK in 21ms (Views: 1.0ms | GC: 0.0ms)


Started GET "/skills/569" for 127.0.0.1 at 2025-09-29 13:21:41 -0400
Processing by SkillsController#show as HTML
  Parameters: {"id"=>"569"}
  Rendering layout layouts/application.html.erb
  Rendering skills/show.html.erb within layouts/application
  Rendered skills/show.html.erb within layouts/application (Duration: 0.2ms | GC: 0.0ms)
  Rendered layout layouts/application.html.erb (Duration: 0.7ms | GC: 0.0ms)
Completed 200 OK in 15ms (Views: 0.8ms | GC: 0.0ms)


Started GET "/skills/569" for 127.0.0.1 at 2025-09-29 13:21:51 -0400
Processing by SkillsController#show as HTML
  Parameters: {"id"=>"569"}
  Rendering layout layouts/application.html.erb
  Rendering skills/show.html.erb within layouts/application
  Rendered skills/show.html.erb within layouts/application (Duration: 0.2ms | GC: 0.0ms)
  Rendered layout layouts/application.html.erb (Duration: 0.8ms | GC: 0.0ms)
Completed 200 OK in 20ms (Views: 1.0ms | GC: 0.0ms)


Started GET "/skills/569" for 127.0.0.1 at 2025-09-29 13:21:51 -0400
Processing by SkillsController#show as HTML
  Parameters: {"id"=>"569"}
  Rendering layout layouts/application.html.erb
  Rendering skills/show.html.erb within layouts/application
  Rendered skills/show.html.erb within layouts/application (Duration: 0.3ms | GC: 0.0ms)
  Rendered layout layouts/application.html.erb (Duration: 1.0ms | GC: 0.0ms)
Completed 200 OK in 21ms (Views: 1.2ms | GC: 0.0ms)


Started GET "/skills" for 127.0.0.1 at 2025-09-29 13:23:35 -0400
Processing by SkillsController#index as HTML
  Rendering layout layouts/application.html.erb
  Rendering skills/index.html.erb within layouts/application
  Rendered skills/index.html.erb within layouts/application (Duration: 3.9ms | GC: 0.1ms)
  Rendered layout layouts/application.html.erb (Duration: 7.5ms | GC: 0.1ms)
Completed 200 OK in 98ms (Views: 8.3ms | GC: 19.0ms)


Started GET "/skills?search=&category_id=engineering&skill_level=&commit=Apply+Filters" for 127.0.0.1 at 2025-09-29 13:23:44 -0400
Processing by SkillsController#index as HTML
  Parameters: {"search"=>"", "category_id"=>"engineering", "skill_level"=>"", "commit"=>"Apply Filters"}
  Rendering layout layouts/application.html.erb
  Rendering skills/index.html.erb within layouts/application
  Rendered skills/index.html.erb within layouts/application (Duration: 3.6ms | GC: 0.0ms)
  Rendered layout layouts/application.html.erb (Duration: 4.2ms | GC: 0.0ms)
Completed 200 OK in 26ms (Views: 4.4ms | GC: 0.0ms)


Started GET "/skills?search=&category_id=business&skill_level=&commit=Apply+Filters" for 127.0.0.1 at 2025-09-29 13:23:50 -0400
Processing by SkillsController#index as HTML
  Parameters: {"search"=>"", "category_id"=>"business", "skill_level"=>"", "commit"=>"Apply Filters"}
  Rendering layout layouts/application.html.erb
  Rendering skills/index.html.erb within layouts/application
  Rendered skills/index.html.erb within layouts/application (Duration: 3.6ms | GC: 0.0ms)
  Rendered layout layouts/application.html.erb (Duration: 4.2ms | GC: 0.0ms)
Completed 200 OK in 25ms (Views: 4.4ms | GC: 0.1ms)


Started GET "/" for 127.0.0.1 at 2025-09-29 13:24:32 -0400
Processing by SkillsController#index as HTML
  Rendering layout layouts/application.html.erb
  Rendering skills/index.html.erb within layouts/application
  Rendered skills/index.html.erb within layouts/application (Duration: 6.6ms | GC: 0.1ms)
  Rendered layout layouts/application.html.erb (Duration: 14.1ms | GC: 0.1ms)
Completed 200 OK in 197ms (Views: 16.1ms | GC: 25.2ms)


Started GET "/skills?search=&category_id=web-dev&skill_level=&commit=Apply+Filters" for 127.0.0.1 at 2025-09-29 13:24:43 -0400
Processing by SkillsController#index as HTML
  Parameters: {"search"=>"", "category_id"=>"web-dev", "skill_level"=>"", "commit"=>"Apply Filters"}
  Rendering layout layouts/application.html.erb
  Rendering skills/index.html.erb within layouts/application
  Rendered skills/index.html.erb within layouts/application (Duration: 1.3ms | GC: 0.0ms)
  Rendered layout layouts/application.html.erb (Duration: 1.9ms | GC: 0.0ms)
Completed 200 OK in 24ms (Views: 2.1ms | GC: 0.0ms)


Started GET "/" for 127.0.0.1 at 2025-09-29 13:40:54 -0400
Processing by SkillsController#index as HTML
  Rendering layout layouts/application.html.erb
  Rendering skills/index.html.erb within layouts/application
  Rendered skills/index.html.erb within layouts/application (Duration: 4.5ms | GC: 0.0ms)
  Rendered layout layouts/application.html.erb (Duration: 4.6ms | GC: 0.0ms)
Completed 500 Internal Server Error in 171ms (GC: 23.8ms)


  
ActionView::Template::Error (unable to convert unpermitted parameters to hash)
Caused by: ActionController::UnfilteredParameters (unable to convert unpermitted parameters to hash)

Information for: ActionView::Template::Error (unable to convert unpermitted parameters to hash):
    83:           <% total_pages = (@total_skills / 50.0).ceil %>
    84:           <% current_page = @current_page || 1 %>
    85: 
    86:           <%= link_to skills_path(params.merge(page: current_page - 1)),
    87:               class: "pagination-btn pagination-prev #{current_page == 1 ? 'disabled' : ''}" do %>
    88:             <span>←</span> Previous
    89:           <% end %>
  
app/views/skills/index.html.erb:86

Information for cause: ActionController::UnfilteredParameters (unable to convert unpermitted parameters to hash):
  
app/views/skills/index.html.erb:86
Started GET "/" for 127.0.0.1 at 2025-09-29 13:41:55 -0400
Processing by SkillsController#index as HTML
  Rendering layout layouts/application.html.erb
  Rendering skills/index.html.erb within layouts/application
  Rendered skills/index.html.erb within layouts/application (Duration: 7.6ms | GC: 0.1ms)
  Rendered layout layouts/application.html.erb (Duration: 14.7ms | GC: 0.1ms)
Completed 200 OK in 117ms (Views: 16.5ms | GC: 17.5ms)


Started GET "/skills?page=2" for 127.0.0.1 at 2025-09-29 13:41:58 -0400
Processing by SkillsController#index as HTML
  Parameters: {"page"=>"2"}
  Rendering layout layouts/application.html.erb
  Rendering skills/index.html.erb within layouts/application
[31mUnpermitted parameter: :page. Context: { controller: SkillsController, action: index, request: #<ActionDispatch::Request:0x000000010937c260>, params: {"page"=>"2", "controller"=>"skills", "action"=>"index"} }[0m
  Rendered skills/index.html.erb within layouts/application (Duration: 4.3ms | GC: 0.0ms)
  Rendered layout layouts/application.html.erb (Duration: 4.9ms | GC: 0.0ms)
Completed 200 OK in 25ms (Views: 5.1ms | GC: 0.0ms)


Started GET "/skills?page=3" for 127.0.0.1 at 2025-09-29 13:41:59 -0400
Processing by SkillsController#index as HTML
  Parameters: {"page"=>"3"}
  Rendering layout layouts/application.html.erb
  Rendering skills/index.html.erb within layouts/application
[31mUnpermitted parameter: :page. Context: { controller: SkillsController, action: index, request: #<ActionDispatch::Request:0x00000001094bce40>, params: {"page"=>"3", "controller"=>"skills", "action"=>"index"} }[0m
  Rendered skills/index.html.erb within layouts/application (Duration: 3.6ms | GC: 0.3ms)
  Rendered layout layouts/application.html.erb (Duration: 4.1ms | GC: 0.3ms)
Completed 200 OK in 25ms (Views: 4.2ms | GC: 2.2ms)


Started GET "/skills?page=4" for 127.0.0.1 at 2025-09-29 13:41:59 -0400
Processing by SkillsController#index as HTML
  Parameters: {"page"=>"4"}
  Rendering layout layouts/application.html.erb
  Rendering skills/index.html.erb within layouts/application
[31mUnpermitted parameter: :page. Context: { controller: SkillsController, action: index, request: #<ActionDispatch::Request:0x00000001094b2940>, params: {"page"=>"4", "controller"=>"skills", "action"=>"index"} }[0m
  Rendered skills/index.html.erb within layouts/application (Duration: 5.0ms | GC: 0.3ms)
  Rendered layout layouts/application.html.erb (Duration: 5.7ms | GC: 0.3ms)
Completed 200 OK in 24ms (Views: 5.9ms | GC: 0.5ms)


Started GET "/skills?page=14" for 127.0.0.1 at 2025-09-29 13:42:00 -0400
Processing by SkillsController#index as HTML
  Parameters: {"page"=>"14"}
  Rendering layout layouts/application.html.erb
  Rendering skills/index.html.erb within layouts/application
[31mUnpermitted parameter: :page. Context: { controller: SkillsController, action: index, request: #<ActionDispatch::Request:0x00000001085e0480>, params: {"page"=>"14", "controller"=>"skills", "action"=>"index"} }[0m
  Rendered skills/index.html.erb within layouts/application (Duration: 1.1ms | GC: 0.0ms)
  Rendered layout layouts/application.html.erb (Duration: 1.8ms | GC: 0.0ms)
Completed 200 OK in 21ms (Views: 2.0ms | GC: 0.1ms)


Started GET "/skills?page=13" for 127.0.0.1 at 2025-09-29 13:42:04 -0400
Processing by SkillsController#index as HTML
  Parameters: {"page"=>"13"}
  Rendering layout layouts/application.html.erb
  Rendering skills/index.html.erb within layouts/application
[31mUnpermitted parameter: :page. Context: { controller: SkillsController, action: index, request: #<ActionDispatch::Request:0x0000000107a84258>, params: {"page"=>"13", "controller"=>"skills", "action"=>"index"} }[0m
  Rendered skills/index.html.erb within layouts/application (Duration: 4.3ms | GC: 0.0ms)
  Rendered layout layouts/application.html.erb (Duration: 4.8ms | GC: 0.0ms)
Completed 200 OK in 26ms (Views: 5.0ms | GC: 0.0ms)


Started GET "/skills?page=1" for 127.0.0.1 at 2025-09-29 13:42:07 -0400
Processing by SkillsController#index as HTML
  Parameters: {"page"=>"1"}
  Rendering layout layouts/application.html.erb
  Rendering skills/index.html.erb within layouts/application
[31mUnpermitted parameter: :page. Context: { controller: SkillsController, action: index, request: #<ActionDispatch::Request:0x0000000106254b10>, params: {"page"=>"1", "controller"=>"skills", "action"=>"index"} }[0m
  Rendered skills/index.html.erb within layouts/application (Duration: 4.3ms | GC: 0.0ms)
  Rendered layout layouts/application.html.erb (Duration: 5.0ms | GC: 0.0ms)
Completed 200 OK in 27ms (Views: 5.2ms | GC: 0.0ms)


Started GET "/skills/569/roadmap" for 127.0.0.1 at 2025-09-29 13:42:09 -0400
Processing by SkillsController#roadmap as */*
  Parameters: {"id"=>"569"}
Completed 200 OK in 21ms (Views: 0.2ms | GC: 0.0ms)


Started GET "/skills?page=1" for 127.0.0.1 at 2025-09-29 13:43:17 -0400
Processing by SkillsController#index as HTML
  Parameters: {"page"=>"1"}
  Rendering layout layouts/application.html.erb
  Rendering skills/index.html.erb within layouts/application
[31mUnpermitted parameter: :page. Context: { controller: SkillsController, action: index, request: #<ActionDispatch::Request:0x00000001098593a0>, params: {"page"=>"1", "controller"=>"skills", "action"=>"index"} }[0m
  Rendered skills/index.html.erb within layouts/application (Duration: 4.1ms | GC: 0.1ms)
  Rendered layout layouts/application.html.erb (Duration: 5.2ms | GC: 0.1ms)
Completed 200 OK in 92ms (Views: 6.1ms | GC: 18.4ms)


Started GET "/skills/569/roadmap" for 127.0.0.1 at 2025-09-29 13:43:18 -0400
Processing by SkillsController#roadmap as */*
  Parameters: {"id"=>"569"}
Completed 200 OK in 21ms (Views: 0.1ms | GC: 0.0ms)


Started GET "/" for 127.0.0.1 at 2025-09-29 13:43:22 -0400
Processing by SkillsController#index as HTML
  Rendering layout layouts/application.html.erb
  Rendering skills/index.html.erb within layouts/application
  Rendered skills/index.html.erb within layouts/application (Duration: 3.6ms | GC: 0.0ms)
  Rendered layout layouts/application.html.erb (Duration: 4.1ms | GC: 0.0ms)
Completed 200 OK in 21ms (Views: 4.3ms | GC: 0.0ms)


Started GET "/skills/570/roadmap" for 127.0.0.1 at 2025-09-29 13:43:26 -0400
Processing by SkillsController#roadmap as */*
  Parameters: {"id"=>"570"}
Completed 200 OK in 22ms (Views: 0.1ms | GC: 0.1ms)


Started GET "/" for 127.0.0.1 at 2025-09-29 13:45:14 -0400
Processing by SkillsController#index as HTML
  Rendering layout layouts/application.html.erb
  Rendering skills/index.html.erb within layouts/application
  Rendered skills/index.html.erb within layouts/application (Duration: 6.9ms | GC: 0.1ms)
  Rendered layout layouts/application.html.erb (Duration: 13.7ms | GC: 0.1ms)
Completed 200 OK in 103ms (Views: 15.3ms | GC: 14.0ms)


Started GET "/skills/569/roadmap" for 127.0.0.1 at 2025-09-29 13:45:15 -0400
Processing by SkillsController#roadmap as */*
  Parameters: {"id"=>"569"}
Completed 200 OK in 23ms (Views: 0.2ms | GC: 0.0ms)


Started GET "/skills/570/roadmap" for 127.0.0.1 at 2025-09-29 13:45:23 -0400
Processing by SkillsController#roadmap as */*
  Parameters: {"id"=>"570"}
Completed 200 OK in 21ms (Views: 0.1ms | GC: 0.0ms)


Started GET "/skills/2477/roadmap" for 127.0.0.1 at 2025-09-29 13:45:24 -0400
Processing by SkillsController#roadmap as */*
  Parameters: {"id"=>"2477"}
Completed 200 OK in 22ms (Views: 0.1ms | GC: 0.0ms)


Started GET "/skills/576/roadmap" for 127.0.0.1 at 2025-09-29 13:45:25 -0400
Processing by SkillsController#roadmap as */*
  Parameters: {"id"=>"576"}
Completed 200 OK in 22ms (Views: 0.1ms | GC: 0.0ms)


Started GET "/skills/2335/roadmap" for 127.0.0.1 at 2025-09-29 13:45:27 -0400
Processing by SkillsController#roadmap as */*
  Parameters: {"id"=>"2335"}
Completed 200 OK in 22ms (Views: 0.2ms | GC: 0.0ms)


Started GET "/skills/682/roadmap" for 127.0.0.1 at 2025-09-29 13:45:31 -0400
Processing by SkillsController#roadmap as */*
  Parameters: {"id"=>"682"}
Completed 200 OK in 20ms (Views: 0.1ms | GC: 0.0ms)


Started GET "/skills/2513/roadmap" for 127.0.0.1 at 2025-09-29 13:45:34 -0400
Processing by SkillsController#roadmap as */*
  Parameters: {"id"=>"2513"}
Completed 200 OK in 21ms (Views: 0.1ms | GC: 0.0ms)


Started GET "/.well-known/appspecific/com.chrome.devtools.json" for 127.0.0.1 at 2025-09-29 13:46:58 -0400
  
ActionController::RoutingError (No route matches [GET] "/.well-known/appspecific/com.chrome.devtools.json"):
  
Started GET "/" for 127.0.0.1 at 2025-09-29 13:47:08 -0400
Processing by SkillsController#index as HTML
  Rendering layout layouts/application.html.erb
  Rendering skills/index.html.erb within layouts/application
  Rendered skills/index.html.erb within layouts/application (Duration: 4.0ms | GC: 0.1ms)
  Rendered layout layouts/application.html.erb (Duration: 5.2ms | GC: 0.1ms)
Completed 200 OK in 97ms (Views: 6.0ms | GC: 16.4ms)


Started GET "/.well-known/appspecific/com.chrome.devtools.json" for 127.0.0.1 at 2025-09-29 13:47:08 -0400
  
ActionController::RoutingError (No route matches [GET] "/.well-known/appspecific/com.chrome.devtools.json"):
  
Started GET "/" for 127.0.0.1 at 2025-09-29 13:47:21 -0400
Processing by SkillsController#index as HTML
  Rendering layout layouts/application.html.erb
  Rendering skills/index.html.erb within layouts/application
  Rendered skills/index.html.erb within layouts/application (Duration: 6.9ms | GC: 0.1ms)
  Rendered layout layouts/application.html.erb (Duration: 14.6ms | GC: 0.1ms)
Completed 200 OK in 112ms (Views: 16.3ms | GC: 16.4ms)


Started GET "/.well-known/appspecific/com.chrome.devtools.json" for 127.0.0.1 at 2025-09-29 13:47:21 -0400
  
ActionController::RoutingError (No route matches [GET] "/.well-known/appspecific/com.chrome.devtools.json"):
  
Started GET "/skills/570/roadmap" for 127.0.0.1 at 2025-09-29 13:47:25 -0400
Processing by SkillsController#roadmap as */*
  Parameters: {"id"=>"570"}
Completed 200 OK in 22ms (Views: 0.2ms | GC: 0.0ms)


Started GET "/skills/488/roadmap" for 127.0.0.1 at 2025-09-29 13:47:32 -0400
Processing by SkillsController#roadmap as */*
  Parameters: {"id"=>"488"}
Completed 200 OK in 21ms (Views: 0.1ms | GC: 0.0ms)


Started GET "/skills/2379/roadmap" for 127.0.0.1 at 2025-09-29 13:47:35 -0400
Processing by SkillsController#roadmap as */*
  Parameters: {"id"=>"2379"}
Completed 200 OK in 22ms (Views: 0.1ms | GC: 0.0ms)


Started GET "/skills/2241/roadmap" for 127.0.0.1 at 2025-09-29 13:47:38 -0400
Processing by SkillsController#roadmap as */*
  Parameters: {"id"=>"2241"}
Completed 200 OK in 21ms (Views: 0.2ms | GC: 0.0ms)


Started GET "/" for 127.0.0.1 at 2025-09-29 13:50:51 -0400
Processing by SkillsController#index as HTML
  Rendering layout layouts/application.html.erb
  Rendering skills/index.html.erb within layouts/application
  Rendered skills/index.html.erb within layouts/application (Duration: 3.9ms | GC: 0.1ms)
  Rendered layout layouts/application.html.erb (Duration: 5.1ms | GC: 0.1ms)
Completed 200 OK in 83ms (Views: 6.0ms | GC: 15.6ms)


Started GET "/skills/569/roadmap" for 127.0.0.1 at 2025-09-29 13:50:54 -0400
Processing by SkillsController#roadmap as */*
  Parameters: {"id"=>"569"}
Completed 200 OK in 21ms (Views: 0.1ms | GC: 0.0ms)


Started GET "/skills/625/roadmap" for 127.0.0.1 at 2025-09-29 13:50:56 -0400
Processing by SkillsController#roadmap as */*
  Parameters: {"id"=>"625"}
Completed 200 OK in 21ms (Views: 0.1ms | GC: 0.0ms)


Started GET "/skills/569/roadmap" for 127.0.0.1 at 2025-09-29 13:50:59 -0400
Processing by SkillsController#roadmap as */*
  Parameters: {"id"=>"569"}
Completed 200 OK in 21ms (Views: 0.1ms | GC: 0.1ms)


Started GET "/skills/625/roadmap" for 127.0.0.1 at 2025-09-29 13:50:59 -0400
Processing by SkillsController#roadmap as */*
  Parameters: {"id"=>"625"}
Completed 200 OK in 22ms (Views: 0.1ms | GC: 0.0ms)


Started GET "/skills?search=&category_id=web-dev&skill_level=&commit=Apply+Filters" for 127.0.0.1 at 2025-09-29 13:51:03 -0400
Processing by SkillsController#index as HTML
  Parameters: {"search"=>"", "category_id"=>"web-dev", "skill_level"=>"", "commit"=>"Apply Filters"}
  Rendering layout layouts/application.html.erb
  Rendering skills/index.html.erb within layouts/application
  Rendered skills/index.html.erb within layouts/application (Duration: 1.4ms | GC: 0.0ms)
  Rendered layout layouts/application.html.erb (Duration: 1.9ms | GC: 0.0ms)
Completed 200 OK in 24ms (Views: 2.2ms | GC: 0.0ms)


Started GET "/skills/2667/roadmap" for 127.0.0.1 at 2025-09-29 13:51:04 -0400
Processing by SkillsController#roadmap as */*
  Parameters: {"id"=>"2667"}
Completed 200 OK in 21ms (Views: 0.1ms | GC: 0.2ms)


Started GET "/skills/2626/roadmap" for 127.0.0.1 at 2025-09-29 13:51:05 -0400
Processing by SkillsController#roadmap as */*
  Parameters: {"id"=>"2626"}
Completed 200 OK in 21ms (Views: 0.1ms | GC: 0.5ms)


Started GET "/skills/2201/roadmap" for 127.0.0.1 at 2025-09-29 13:51:06 -0400
Processing by SkillsController#roadmap as */*
  Parameters: {"id"=>"2201"}
Completed 200 OK in 22ms (Views: 0.1ms | GC: 0.2ms)


Started GET "/skills/2680/roadmap" for 127.0.0.1 at 2025-09-29 13:51:07 -0400
Processing by SkillsController#roadmap as */*
  Parameters: {"id"=>"2680"}
Completed 200 OK in 22ms (Views: 0.1ms | GC: 0.4ms)


Started GET "/skills/2460/roadmap" for 127.0.0.1 at 2025-09-29 13:51:08 -0400
Processing by SkillsController#roadmap as */*
  Parameters: {"id"=>"2460"}
Completed 200 OK in 21ms (Views: 0.1ms | GC: 0.2ms)


Started GET "/skills/2460/roadmap" for 127.0.0.1 at 2025-09-29 13:51:11 -0400
Processing by SkillsController#roadmap as */*
  Parameters: {"id"=>"2460"}
Completed 200 OK in 21ms (Views: 0.1ms | GC: 0.2ms)


Started GET "/skills/2667/roadmap" for 127.0.0.1 at 2025-09-29 13:51:16 -0400
Processing by SkillsController#roadmap as */*
  Parameters: {"id"=>"2667"}
Completed 200 OK in 21ms (Views: 0.1ms | GC: 0.2ms)


Started GET "/skills/2626/roadmap" for 127.0.0.1 at 2025-09-29 13:51:18 -0400
Processing by SkillsController#roadmap as */*
  Parameters: {"id"=>"2626"}
Completed 200 OK in 20ms (Views: 0.1ms | GC: 0.1ms)


Started GET "/skills?search=&category_id=communication&skill_level=&commit=Apply+Filters" for 127.0.0.1 at 2025-09-29 13:51:24 -0400
Processing by SkillsController#index as HTML
  Parameters: {"search"=>"", "category_id"=>"communication", "skill_level"=>"", "commit"=>"Apply Filters"}
  Rendering layout layouts/application.html.erb
  Rendering skills/index.html.erb within layouts/application
  Rendered skills/index.html.erb within layouts/application (Duration: 2.5ms | GC: 0.0ms)
  Rendered layout layouts/application.html.erb (Duration: 3.1ms | GC: 0.0ms)
Completed 200 OK in 25ms (Views: 3.3ms | GC: 0.0ms)


Started GET "/skills/667/roadmap" for 127.0.0.1 at 2025-09-29 13:51:25 -0400
Processing by SkillsController#roadmap as */*
  Parameters: {"id"=>"667"}
Completed 200 OK in 50ms (Views: 0.3ms | GC: 0.0ms)


Started GET "/skills/680/roadmap" for 127.0.0.1 at 2025-09-29 13:51:26 -0400
Processing by SkillsController#roadmap as */*
  Parameters: {"id"=>"680"}
Completed 200 OK in 22ms (Views: 0.1ms | GC: 0.5ms)


Started GET "/skills/667/roadmap" for 127.0.0.1 at 2025-09-29 13:51:27 -0400
Processing by SkillsController#roadmap as */*
  Parameters: {"id"=>"667"}
Completed 200 OK in 22ms (Views: 0.1ms | GC: 0.4ms)


Started GET "/skills/679/roadmap" for 127.0.0.1 at 2025-09-29 13:51:28 -0400
Processing by SkillsController#roadmap as */*
  Parameters: {"id"=>"679"}
Completed 200 OK in 19ms (Views: 0.1ms | GC: 0.2ms)


Started GET "/skills/677/roadmap" for 127.0.0.1 at 2025-09-29 13:51:28 -0400
Processing by SkillsController#roadmap as */*
  Parameters: {"id"=>"677"}
Completed 200 OK in 22ms (Views: 0.1ms | GC: 0.4ms)


Started GET "/skills/679/roadmap" for 127.0.0.1 at 2025-09-29 13:51:29 -0400
Processing by SkillsController#roadmap as */*
  Parameters: {"id"=>"679"}
Completed 200 OK in 21ms (Views: 0.1ms | GC: 0.3ms)


Started GET "/skills?search=&category_id=communication&skill_level=beginner&commit=Apply+Filters" for 127.0.0.1 at 2025-09-29 13:51:32 -0400
Processing by SkillsController#index as HTML
  Parameters: {"search"=>"", "category_id"=>"communication", "skill_level"=>"beginner", "commit"=>"Apply Filters"}
  Rendering layout layouts/application.html.erb
  Rendering skills/index.html.erb within layouts/application
  Rendered skills/index.html.erb within layouts/application (Duration: 0.8ms | GC: 0.2ms)
  Rendered layout layouts/application.html.erb (Duration: 1.3ms | GC: 0.2ms)
Completed 200 OK in 23ms (Views: 1.5ms | GC: 0.4ms)


Started GET "/skills?search=&category_id=&skill_level=beginner&commit=Apply+Filters" for 127.0.0.1 at 2025-09-29 13:51:35 -0400
Processing by SkillsController#index as HTML
  Parameters: {"search"=>"", "category_id"=>"", "skill_level"=>"beginner", "commit"=>"Apply Filters"}
  Rendering layout layouts/application.html.erb
  Rendering skills/index.html.erb within layouts/application
  Rendered skills/index.html.erb within layouts/application (Duration: 0.8ms | GC: 0.1ms)
  Rendered layout layouts/application.html.erb (Duration: 1.4ms | GC: 0.1ms)
Completed 200 OK in 23ms (Views: 1.5ms | GC: 0.3ms)


Started GET "/skills/2678/roadmap" for 127.0.0.1 at 2025-09-29 13:51:36 -0400
Processing by SkillsController#roadmap as */*
  Parameters: {"id"=>"2678"}
Completed 200 OK in 21ms (Views: 0.2ms | GC: 0.0ms)


Started GET "/skills?search=&category_id=&skill_level=intermediate&commit=Apply+Filters" for 127.0.0.1 at 2025-09-29 13:51:44 -0400
Processing by SkillsController#index as HTML
  Parameters: {"search"=>"", "category_id"=>"", "skill_level"=>"intermediate", "commit"=>"Apply Filters"}
  Rendering layout layouts/application.html.erb
  Rendering skills/index.html.erb within layouts/application
[31mUnpermitted parameter: :commit. Context: { controller: SkillsController, action: index, request: #<ActionDispatch::Request:0x0000000108d37760>, params: {"search"=>"", "category_id"=>"", "skill_level"=>"intermediate", "commit"=>"Apply Filters", "controller"=>"skills", "action"=>"index"} }[0m
  Rendered skills/index.html.erb within layouts/application (Duration: 5.0ms | GC: 0.0ms)
  Rendered layout layouts/application.html.erb (Duration: 5.7ms | GC: 0.0ms)
Completed 200 OK in 27ms (Views: 6.0ms | GC: 0.0ms)


Started GET "/skills/569/roadmap" for 127.0.0.1 at 2025-09-29 13:51:45 -0400
Processing by SkillsController#roadmap as */*
  Parameters: {"id"=>"569"}
Completed 200 OK in 19ms (Views: 0.1ms | GC: 1.1ms)


Started GET "/skills/570/roadmap" for 127.0.0.1 at 2025-09-29 13:51:47 -0400
Processing by SkillsController#roadmap as */*
  Parameters: {"id"=>"570"}
Completed 200 OK in 21ms (Views: 0.2ms | GC: 0.6ms)


Started GET "/skills/2335/roadmap" for 127.0.0.1 at 2025-09-29 13:51:50 -0400
Processing by SkillsController#roadmap as */*
  Parameters: {"id"=>"2335"}
Completed 200 OK in 17ms (Views: 0.1ms | GC: 0.3ms)


Started GET "/skills/2667/roadmap" for 127.0.0.1 at 2025-09-29 13:51:52 -0400
Processing by SkillsController#roadmap as */*
  Parameters: {"id"=>"2667"}
Completed 200 OK in 21ms (Views: 0.1ms | GC: 0.4ms)


Started GET "/skills?search=&category_id=&skill_level=&commit=Apply+Filters" for 127.0.0.1 at 2025-09-29 13:51:56 -0400
Processing by SkillsController#index as HTML
  Parameters: {"search"=>"", "category_id"=>"", "skill_level"=>"", "commit"=>"Apply Filters"}
  Rendering layout layouts/application.html.erb
  Rendering skills/index.html.erb within layouts/application
[31mUnpermitted parameter: :commit. Context: { controller: SkillsController, action: index, request: #<ActionDispatch::Request:0x0000000108e3b378>, params: {"search"=>"", "category_id"=>"", "skill_level"=>"", "commit"=>"Apply Filters", "controller"=>"skills", "action"=>"index"} }[0m
  Rendered skills/index.html.erb within layouts/application (Duration: 5.2ms | GC: 0.4ms)
  Rendered layout layouts/application.html.erb (Duration: 5.9ms | GC: 0.4ms)
Completed 200 OK in 27ms (Views: 6.1ms | GC: 0.6ms)


Started GET "/skills/569/roadmap" for 127.0.0.1 at 2025-09-29 13:52:00 -0400
Processing by SkillsController#roadmap as */*
  Parameters: {"id"=>"569"}
Completed 200 OK in 22ms (Views: 0.1ms | GC: 0.3ms)


Started GET "/skills/569" for 127.0.0.1 at 2025-09-29 13:52:01 -0400
Processing by SkillsController#show as HTML
  Parameters: {"id"=>"569"}
  Rendering layout layouts/application.html.erb
  Rendering skills/show.html.erb within layouts/application
  Rendered skills/show.html.erb within layouts/application (Duration: 1.3ms | GC: 0.0ms)
  Rendered layout layouts/application.html.erb (Duration: 2.1ms | GC: 0.2ms)
Completed 200 OK in 24ms (Views: 2.3ms | GC: 0.2ms)


Started GET "/skills" for 127.0.0.1 at 2025-09-29 13:52:14 -0400
Processing by SkillsController#index as HTML
  Rendering layout layouts/application.html.erb
  Rendering skills/index.html.erb within layouts/application
  Rendered skills/index.html.erb within layouts/application (Duration: 4.1ms | GC: 0.0ms)
  Rendered layout layouts/application.html.erb (Duration: 4.8ms | GC: 0.0ms)
Completed 200 OK in 26ms (Views: 5.1ms | GC: 0.1ms)


